******************************************
2017-04-27 09:54:12
******************************************
******************************************
2017-04-27 09:54:49
******************************************
******************************************
2017-04-27 09:55:16
******************************************
******************************************
2017-04-27 09:58:54
******************************************
******************************************
2017-04-27 12:02:31
******************************************
******************************************
2017-04-27 12:15:34
******************************************
******************************************
2017-04-27 13:47:55
******************************************
******************************************
2017-04-27 17:08:25
******************************************
******************************************
2017-04-27 17:20:37
******************************************
******************************************
2017-05-09 16:10:53
******************************************
******************************************
2017-06-16 11:24:07
******************************************
익郞:
[provided]C:\Users\asus\.m2\repository\io\netty\netty\3.7.0.Final\netty-3.7.0.Final.jar
[provided]C:\Users\asus\.m2\repository\org\jboss\netty\netty\3.2.5.Final\netty-3.2.5.Final.jar
郞嫁org/jboss/netty/bootstrap/Bootstrap.class
******************************************
2017-06-16 11:29:35
******************************************
익郞:
[provided]C:\Users\asus\.m2\repository\io\netty\netty\3.7.0.Final\netty-3.7.0.Final.jar
[provided]C:\Users\asus\.m2\repository\org\jboss\netty\netty\3.2.5.Final\netty-3.2.5.Final.jar
郞嫁org/jboss/netty/bootstrap/Bootstrap.class
******************************************
2017-06-16 11:30:31
******************************************
익郞:
[provided]C:\Users\asus\.m2\repository\io\netty\netty\3.7.0.Final\netty-3.7.0.Final.jar
[provided]C:\Users\asus\.m2\repository\org\jboss\netty\netty\3.2.5.Final\netty-3.2.5.Final.jar
郞嫁org/jboss/netty/bootstrap/Bootstrap.class
******************************************
2017-06-16 11:50:16
******************************************
익郞:
[provided]C:\Users\asus\.m2\repository\io\netty\netty\3.7.0.Final\netty-3.7.0.Final.jar
[provided]C:\Users\asus\.m2\repository\org\jboss\netty\netty\3.2.5.Final\netty-3.2.5.Final.jar
郞嫁org/jboss/netty/bootstrap/Bootstrap.class
******************************************
2017-06-16 11:56:38
******************************************
익郞:
[provided]C:\Users\asus\.m2\repository\io\netty\netty\3.7.0.Final\netty-3.7.0.Final.jar
[provided]C:\Users\asus\.m2\repository\org\jboss\netty\netty\3.2.5.Final\netty-3.2.5.Final.jar
郞嫁org/jboss/netty/bootstrap/Bootstrap.class
******************************************
2017-06-20 13:55:05
******************************************
익郞:
[provided]C:\Users\asus\.m2\repository\io\netty\netty\3.7.0.Final\netty-3.7.0.Final.jar
[provided]C:\Users\asus\.m2\repository\org\jboss\netty\netty\3.2.5.Final\netty-3.2.5.Final.jar
郞嫁org/jboss/netty/bootstrap/Bootstrap.class
******************************************
2017-06-20 14:01:49
******************************************
익郞:
[provided]C:\Users\asus\.m2\repository\io\netty\netty\3.7.0.Final\netty-3.7.0.Final.jar
[provided]C:\Users\asus\.m2\repository\org\jboss\netty\netty\3.2.5.Final\netty-3.2.5.Final.jar
郞嫁org/jboss/netty/bootstrap/Bootstrap.class
******************************************
2017-06-20 15:53:38
******************************************
익郞:
[provided]C:\Users\asus\.m2\repository\io\netty\netty\3.7.0.Final\netty-3.7.0.Final.jar
[provided]C:\Users\asus\.m2\repository\org\jboss\netty\netty\3.2.5.Final\netty-3.2.5.Final.jar
郞嫁org/jboss/netty/bootstrap/Bootstrap.class
******************************************
2017-06-20 15:55:31
******************************************
익郞:
[provided]C:\Users\asus\.m2\repository\io\netty\netty\3.7.0.Final\netty-3.7.0.Final.jar
[provided]C:\Users\asus\.m2\repository\org\jboss\netty\netty\3.2.5.Final\netty-3.2.5.Final.jar
郞嫁org/jboss/netty/bootstrap/Bootstrap.class
******************************************
2017-06-20 15:58:31
******************************************
익郞:
[provided]C:\Users\asus\.m2\repository\io\netty\netty\3.7.0.Final\netty-3.7.0.Final.jar
[provided]C:\Users\asus\.m2\repository\org\jboss\netty\netty\3.2.5.Final\netty-3.2.5.Final.jar
郞嫁org/jboss/netty/bootstrap/Bootstrap.class
